android-plugin/camera-plugin-src/build/intermediates/manifest_merge_blame_file/release/manifest-merger-blame-release-report.txt
1<?xml version="1.0" encoding="utf-8"?>
2<manifest xmlns:android="http://schemas.android.com/apk/res/android"
3    package="com.photoai.camera" >
4
5    <uses-sdk android:minSdkVersion="21" />
6    <!-- 相机和存储权限由宿主 App 声明，插件无需重复 -->
7    <application>
7-->src\main\AndroidManifest.xml:6:5-15:19
8        <activity
8-->src\main\AndroidManifest.xml:7:9-14:67
9            android:name="com.photoai.camera.CameraActivity"
9-->src\main\AndroidManifest.xml:8:13-61
10            android:configChanges="orientation|screenSize|keyboardHidden"
10-->src\main\AndroidManifest.xml:9:13-74
11            android:exported="false"
11-->src\main\AndroidManifest.xml:10:13-37
12            android:hardwareAccelerated="true"
12-->src\main\AndroidManifest.xml:11:13-47
13            android:screenOrientation="portrait"
13-->src\main\AndroidManifest.xml:12:13-49
14            android:theme="@style/Theme.PhotoAICamera"
14-->src\main\AndroidManifest.xml:13:13-55
15            android:windowSoftInputMode="stateHidden|adjustPan" />
15-->src\main\AndroidManifest.xml:14:13-64
16    </application>
17
18</manifest>